<?xml version="1.0" encoding="UTF-8"?>
<!-- Generated by org.testng.reporters.JUnitReportReporter -->
<testsuite hostname="NORBER38" name="TestLogin" tests="1" failures="0" timestamp="2 Nov 2019 01:48:53 GMT" time="77.178" errors="0">
  <testcase name="f" time="77.178" classname="TestLogin"/>
</testsuite> <!-- TestLogin -->
